2023-04-22 12:03:12,225 DEBUG: on_ready has successfully been registered as an event
2023-04-22 12:03:12,225 DEBUG: on_raw_reaction_add has successfully been registered as an event
2023-04-22 12:03:12,225 DEBUG: on_raw_reaction_remove has successfully been registered as an event
2023-04-22 12:03:12,226 DEBUG: Using selector: EpollSelector
2023-04-22 12:03:12,226 INFO: logging in using static token
2023-04-22 12:03:13,051 INFO: Shard ID None has connected to Gateway (Session ID: a4830fa3da05ab095924bf9825862a7b).
2023-04-22 12:03:15,054 INFO: Bot is up and ready !
2023-04-22 12:03:15,382 INFO: Synced 4 command(s)
2023-04-22 12:03:16,700 INFO: Loaded Session Kiro!
 Starting at : 2023-04-23 23:01:00+00:00
 Participants (0/1):
 into memory
2023-04-22 12:03:16,700 INFO: Loaded Session Kiro!
 Starting at : 2023-04-23 23:01:00+00:00
 Participants (1/2):
ü§ú <@186187543174184960> into memory
2023-04-22 12:03:58,011 DEBUG: on_ready has successfully been registered as an event
2023-04-22 12:03:58,011 DEBUG: on_raw_reaction_add has successfully been registered as an event
2023-04-22 12:03:58,011 DEBUG: on_raw_reaction_remove has successfully been registered as an event
2023-04-22 12:03:58,012 DEBUG: Using selector: EpollSelector
2023-04-22 12:03:58,012 INFO: logging in using static token
2023-04-22 12:03:58,698 INFO: Shard ID None has connected to Gateway (Session ID: 07e58d1e57b262d8bb429349453155c8).
2023-04-22 12:04:00,701 INFO: Bot is up and ready !
2023-04-22 12:04:01,093 INFO: Synced 4 command(s)
2023-04-22 12:04:02,204 INFO: Loaded Session Kiro!
 Starting at : 2023-04-23 23:01:00+00:00
 Participants (0/1):
 into memory
2023-04-22 12:04:02,204 INFO: Loaded Session Kiro!
 Starting at : 2023-04-23 23:01:00+00:00
 Participants (1/2):
ü§ú <@186187543174184960> into memory
2023-04-22 12:17:06,090 DEBUG: on_ready has successfully been registered as an event
2023-04-22 12:17:06,090 DEBUG: on_raw_reaction_add has successfully been registered as an event
2023-04-22 12:17:06,090 DEBUG: on_raw_reaction_remove has successfully been registered as an event
2023-04-22 12:17:06,091 DEBUG: Using selector: EpollSelector
2023-04-22 12:17:06,091 INFO: logging in using static token
2023-04-22 12:17:06,814 INFO: Shard ID None has connected to Gateway (Session ID: 33f2d14fd2735cb295dfa4e718696b3a).
2023-04-22 12:17:08,817 INFO: Bot is up and ready !
2023-04-22 12:17:09,025 INFO: Synced 4 command(s)
2023-04-22 12:17:10,425 INFO: Loaded Session Kiro!
 Starting at : 2023-04-23 23:01:00+00:00
 Participants (0/1):
 into memory
2023-04-22 12:17:10,426 INFO: Loaded Session Kiro!
 Starting at : 2023-04-23 23:01:00+00:00
 Participants (1/2):
ü§ú <@186187543174184960> into memory
2023-04-22 12:17:17,149 ERROR: Ignoring exception in command 'eject'
Traceback (most recent call last):
  File "/home/axel/.virtualenvs/nostale-raid-bot-/lib/python3.10/site-packages/discord/app_commands/commands.py", line 842, in _do_call
    return await self._callback(interaction, **params)  # type: ignore
  File "/home/axel/nostale-raid-bot/bot.py", line 193, in eject
    print(interaction.channel.thread.parent_id)
AttributeError: 'Thread' object has no attribute 'thread'

The above exception was the direct cause of the following exception:

Traceback (most recent call last):
  File "/home/axel/.virtualenvs/nostale-raid-bot-/lib/python3.10/site-packages/discord/app_commands/tree.py", line 1248, in _call
    await command._invoke_with_namespace(interaction, namespace)
  File "/home/axel/.virtualenvs/nostale-raid-bot-/lib/python3.10/site-packages/discord/app_commands/commands.py", line 867, in _invoke_with_namespace
    return await self._do_call(interaction, transformed_values)
  File "/home/axel/.virtualenvs/nostale-raid-bot-/lib/python3.10/site-packages/discord/app_commands/commands.py", line 860, in _do_call
    raise CommandInvokeError(self, e) from e
discord.app_commands.errors.CommandInvokeError: Command 'eject' raised an exception: AttributeError: 'Thread' object has no attribute 'thread'
2023-04-22 12:17:31,212 DEBUG: on_ready has successfully been registered as an event
2023-04-22 12:17:31,212 DEBUG: on_raw_reaction_add has successfully been registered as an event
2023-04-22 12:17:31,212 DEBUG: on_raw_reaction_remove has successfully been registered as an event
2023-04-22 12:17:31,213 DEBUG: Using selector: EpollSelector
2023-04-22 12:17:31,213 INFO: logging in using static token
2023-04-22 12:17:32,097 INFO: Shard ID None has connected to Gateway (Session ID: b38c7b8982e26461b36107ee2d300aee).
2023-04-22 12:17:34,100 INFO: Bot is up and ready !
2023-04-22 12:18:09,087 INFO: Synced 4 command(s)
2023-04-22 12:18:10,185 INFO: Loaded Session Kiro!
 Starting at : 2023-04-23 23:01:00+00:00
 Participants (0/1):
 into memory
2023-04-22 12:18:10,185 INFO: Loaded Session Kiro!
 Starting at : 2023-04-23 23:01:00+00:00
 Participants (1/2):
ü§ú <@186187543174184960> into memory
2023-04-22 12:24:02,549 DEBUG: on_ready has successfully been registered as an event
2023-04-22 12:24:02,550 DEBUG: on_raw_reaction_add has successfully been registered as an event
2023-04-22 12:24:02,550 DEBUG: on_raw_reaction_remove has successfully been registered as an event
2023-04-22 12:24:02,550 DEBUG: Using selector: EpollSelector
2023-04-22 12:24:02,550 INFO: logging in using static token
2023-04-22 12:24:03,330 INFO: Shard ID None has connected to Gateway (Session ID: 6e133382d4e61fa61f16eed990e94e62).
2023-04-22 12:24:05,334 INFO: Bot is up and ready !
2023-04-22 12:24:05,643 INFO: Synced 4 command(s)
2023-04-22 12:24:06,671 INFO: Loaded Session Kiro!
 Starting at : 2023-04-23 23:01:00+00:00
 Participants (0/1):
 into memory
2023-04-22 12:24:06,672 INFO: Loaded Session Kiro!
 Starting at : 2023-04-23 23:01:00+00:00
 Participants (1/2):
ü§ú <@186187543174184960> into memory
2023-04-22 12:30:44,835 DEBUG: on_ready has successfully been registered as an event
2023-04-22 12:30:44,835 DEBUG: on_raw_reaction_add has successfully been registered as an event
2023-04-22 12:30:44,835 DEBUG: on_raw_reaction_remove has successfully been registered as an event
2023-04-22 12:30:44,835 DEBUG: Using selector: EpollSelector
2023-04-22 12:30:44,836 INFO: logging in using static token
2023-04-22 12:30:45,615 INFO: Shard ID None has connected to Gateway (Session ID: fe295ad0b8222e8246c5e1e19058824d).
2023-04-22 12:30:47,619 INFO: Bot is up and ready !
2023-04-22 12:30:47,843 INFO: Synced 4 command(s)
2023-04-22 12:30:48,851 INFO: Loaded Session Kiro!
 Starting at : 2023-04-23 23:01:00+00:00
 Participants (0/1):
 into memory
2023-04-22 12:30:48,851 INFO: Loaded Session Kiro!
 Starting at : 2023-04-23 23:01:00+00:00
 Participants (1/2):
ü§ú <@186187543174184960> into memory
2023-04-22 12:31:57,244 INFO: Saved Session Kiro!
 Starting at : 2023-04-23 23:01:00+00:00
 Participants (1/1):
‚öîÔ∏è <@224613962593861633> into database
2023-04-22 12:32:05,604 ERROR: Ignoring exception in command 'eject'
Traceback (most recent call last):
  File "/home/axel/.virtualenvs/nostale-raid-bot-/lib/python3.10/site-packages/discord/app_commands/commands.py", line 842, in _do_call
    return await self._callback(interaction, **params)  # type: ignore
  File "/home/axel/nostale-raid-bot/bot.py", line 198, in eject
    await raid.message.remove_reaction(raid.get_participant_emoji(), user)
TypeError: Raid.get_participant_emoji() missing 1 required positional argument: 'user'

The above exception was the direct cause of the following exception:

Traceback (most recent call last):
  File "/home/axel/.virtualenvs/nostale-raid-bot-/lib/python3.10/site-packages/discord/app_commands/tree.py", line 1248, in _call
    await command._invoke_with_namespace(interaction, namespace)
  File "/home/axel/.virtualenvs/nostale-raid-bot-/lib/python3.10/site-packages/discord/app_commands/commands.py", line 867, in _invoke_with_namespace
    return await self._do_call(interaction, transformed_values)
  File "/home/axel/.virtualenvs/nostale-raid-bot-/lib/python3.10/site-packages/discord/app_commands/commands.py", line 856, in _do_call
    raise CommandInvokeError(self, e) from e
discord.app_commands.errors.CommandInvokeError: Command 'eject' raised an exception: TypeError: Raid.get_participant_emoji() missing 1 required positional argument: 'user'
2023-04-22 12:32:25,493 DEBUG: on_ready has successfully been registered as an event
2023-04-22 12:32:25,493 DEBUG: on_raw_reaction_add has successfully been registered as an event
2023-04-22 12:32:25,493 DEBUG: on_raw_reaction_remove has successfully been registered as an event
2023-04-22 12:32:25,494 DEBUG: Using selector: EpollSelector
2023-04-22 12:32:25,494 INFO: logging in using static token
2023-04-22 12:32:26,233 INFO: Shard ID None has connected to Gateway (Session ID: b0f5f866100a75bc4b8c6f33b74b23a4).
2023-04-22 12:32:28,236 INFO: Bot is up and ready !
2023-04-22 12:32:28,559 INFO: Synced 4 command(s)
2023-04-22 12:32:29,803 INFO: Loaded Session Kiro!
 Starting at : 2023-04-23 23:01:00+00:00
 Participants (1/2):
ü§ú <@186187543174184960> into memory
2023-04-22 12:32:29,803 INFO: Loaded Session Kiro!
 Starting at : 2023-04-23 23:01:00+00:00
 Participants (1/1):
‚öîÔ∏è <@224613962593861633> into memory
2023-04-22 12:32:36,130 ERROR: Ignoring exception in command 'eject'
Traceback (most recent call last):
  File "/home/axel/.virtualenvs/nostale-raid-bot-/lib/python3.10/site-packages/discord/app_commands/commands.py", line 842, in _do_call
    return await self._callback(interaction, **params)  # type: ignore
  File "/home/axel/nostale-raid-bot/bot.py", line 195, in eject
    for user in raid.participants.keys():
RuntimeError: dictionary changed size during iteration

The above exception was the direct cause of the following exception:

Traceback (most recent call last):
  File "/home/axel/.virtualenvs/nostale-raid-bot-/lib/python3.10/site-packages/discord/app_commands/tree.py", line 1248, in _call
    await command._invoke_with_namespace(interaction, namespace)
  File "/home/axel/.virtualenvs/nostale-raid-bot-/lib/python3.10/site-packages/discord/app_commands/commands.py", line 867, in _invoke_with_namespace
    return await self._do_call(interaction, transformed_values)
  File "/home/axel/.virtualenvs/nostale-raid-bot-/lib/python3.10/site-packages/discord/app_commands/commands.py", line 860, in _do_call
    raise CommandInvokeError(self, e) from e
discord.app_commands.errors.CommandInvokeError: Command 'eject' raised an exception: RuntimeError: dictionary changed size during iteration
2023-04-22 12:32:36,938 INFO: Saved Session Kiro!
 Starting at : 2023-04-23 23:01:00+00:00
 Participants (0/1):
 into database
2023-04-22 12:34:18,926 DEBUG: on_ready has successfully been registered as an event
2023-04-22 12:34:18,927 DEBUG: on_raw_reaction_add has successfully been registered as an event
2023-04-22 12:34:18,927 DEBUG: on_raw_reaction_remove has successfully been registered as an event
2023-04-22 12:34:18,927 DEBUG: Using selector: EpollSelector
2023-04-22 12:34:18,927 INFO: logging in using static token
2023-04-22 12:34:19,658 INFO: Shard ID None has connected to Gateway (Session ID: edf35c392a889b46103d166441eb3080).
2023-04-22 12:34:21,661 INFO: Bot is up and ready !
2023-04-22 12:34:21,878 INFO: Synced 4 command(s)
2023-04-22 12:34:22,790 INFO: Loaded Session Kiro!
 Starting at : 2023-04-23 23:01:00+00:00
 Participants (1/2):
ü§ú <@186187543174184960> into memory
2023-04-22 12:34:22,790 INFO: Loaded Session Kiro!
 Starting at : 2023-04-23 23:01:00+00:00
 Participants (0/1):
 into memory
2023-04-22 12:34:26,455 INFO: Saved Session Kiro!
 Starting at : 2023-04-23 23:01:00+00:00
 Participants (1/1):
‚öîÔ∏è <@224613962593861633> into database
2023-04-22 12:34:37,244 INFO: Saved Session Kiro!
 Starting at : 2023-04-23 23:01:00+00:00
 Participants (0/1):
 into database
2023-04-22 12:42:25,875 INFO: Saved Session Kiro!
 Starting at : 2023-04-23 23:01:00+00:00
 Participants (1/1):
‚öîÔ∏è <@224613962593861633> into database
2023-04-22 12:43:23,422 DEBUG: on_ready has successfully been registered as an event
2023-04-22 12:43:23,422 DEBUG: on_raw_reaction_add has successfully been registered as an event
2023-04-22 12:43:23,422 DEBUG: on_raw_reaction_remove has successfully been registered as an event
2023-04-22 12:43:23,423 DEBUG: Using selector: EpollSelector
2023-04-22 12:43:23,423 INFO: logging in using static token
2023-04-22 12:43:24,258 INFO: Shard ID None has connected to Gateway (Session ID: 37563fd1b518f7484f840fb152ed0c8b).
2023-04-22 12:43:26,262 INFO: Bot is up and ready !
2023-04-22 12:43:26,633 INFO: Synced 4 command(s)
2023-04-22 12:43:27,772 INFO: Loaded Session Kiro!
 Starting at : 2023-04-23 23:01:00+00:00
 Participants (1/2):
ü§ú <@186187543174184960> into memory
2023-04-22 12:43:27,772 INFO: Loaded Session Kiro!
 Starting at : 2023-04-23 23:01:00+00:00
 Participants (1/1):
‚öîÔ∏è <@224613962593861633> into memory
2023-04-22 12:43:39,103 INFO: Saved Session Kiro!
 Starting at : 2023-04-23 23:01:00+00:00
 Participants (0/1):
 into database
2023-04-22 12:43:39,899 INFO: Saved Session Kiro!
 Starting at : 2023-04-23 23:01:00+00:00
 Participants (0/1):
 into database
2023-04-22 12:46:55,429 DEBUG: on_ready has successfully been registered as an event
2023-04-22 12:46:55,429 DEBUG: on_raw_reaction_add has successfully been registered as an event
2023-04-22 12:46:55,429 DEBUG: on_raw_reaction_remove has successfully been registered as an event
2023-04-22 12:46:55,429 DEBUG: Using selector: EpollSelector
2023-04-22 12:46:55,430 INFO: logging in using static token
2023-04-22 12:46:56,147 INFO: Shard ID None has connected to Gateway (Session ID: 2289da90386cb300fb2333125596292f).
2023-04-22 12:46:58,150 INFO: Bot is up and ready !
2023-04-22 12:46:58,458 INFO: Synced 4 command(s)
2023-04-22 12:46:59,744 INFO: Loaded Session Kiro!
 Starting at : 2023-04-23 23:01:00+00:00
 Participants (1/2):
ü§ú <@186187543174184960> into memory
2023-04-22 12:46:59,744 INFO: Loaded Session Kiro!
 Starting at : 2023-04-23 23:01:00+00:00
 Participants (0/1):
 into memory
2023-04-22 12:48:32,466 DEBUG: on_ready has successfully been registered as an event
2023-04-22 12:48:32,466 DEBUG: on_raw_reaction_add has successfully been registered as an event
2023-04-22 12:48:32,466 DEBUG: on_raw_reaction_remove has successfully been registered as an event
2023-04-22 12:48:32,467 DEBUG: Using selector: EpollSelector
2023-04-22 12:48:32,467 INFO: logging in using static token
2023-04-22 12:48:33,528 INFO: Shard ID None has connected to Gateway (Session ID: 511c8f40bc9ece250c25d3f56ff96dcd).
2023-04-22 12:48:35,532 INFO: Bot is up and ready !
2023-04-22 12:48:35,881 INFO: Synced 4 command(s)
2023-04-22 12:48:36,804 INFO: Loaded Session Kiro!
 Starting at : 2023-04-23 23:01:00+00:00
 Participants (1/2):
ü§ú <@186187543174184960> into memory
2023-04-22 12:48:36,804 INFO: Loaded Session Kiro!
 Starting at : 2023-04-23 23:01:00+00:00
 Participants (0/1):
 into memory
2023-04-22 12:48:50,604 INFO: AxelB#0113 created a new raid
2023-04-22 12:48:51,335 INFO: Saved Session Kiro!
 Starting at : 2023-04-23 23:10:00+00:09
 Participants (0/1):
 into database
2023-04-22 12:48:53,163 ERROR: Ignoring exception in command 'view'
Traceback (most recent call last):
  File "/home/axel/.virtualenvs/nostale-raid-bot-/lib/python3.10/site-packages/discord/app_commands/commands.py", line 842, in _do_call
    return await self._callback(interaction, **params)  # type: ignore
  File "/home/axel/nostale-raid-bot/bot.py", line 186, in view
    await interaction.message.create_thread(name=f"Raid {new_raid.raid_name} - {new_raid.start_datetime.isoformat()}")
AttributeError: 'NoneType' object has no attribute 'create_thread'

The above exception was the direct cause of the following exception:

Traceback (most recent call last):
  File "/home/axel/.virtualenvs/nostale-raid-bot-/lib/python3.10/site-packages/discord/app_commands/tree.py", line 1248, in _call
    await command._invoke_with_namespace(interaction, namespace)
  File "/home/axel/.virtualenvs/nostale-raid-bot-/lib/python3.10/site-packages/discord/app_commands/commands.py", line 867, in _invoke_with_namespace
    return await self._do_call(interaction, transformed_values)
  File "/home/axel/.virtualenvs/nostale-raid-bot-/lib/python3.10/site-packages/discord/app_commands/commands.py", line 860, in _do_call
    raise CommandInvokeError(self, e) from e
discord.app_commands.errors.CommandInvokeError: Command 'view' raised an exception: AttributeError: 'NoneType' object has no attribute 'create_thread'
2023-04-22 12:49:57,170 DEBUG: on_ready has successfully been registered as an event
2023-04-22 12:49:57,170 DEBUG: on_raw_reaction_add has successfully been registered as an event
2023-04-22 12:49:57,170 DEBUG: on_raw_reaction_remove has successfully been registered as an event
2023-04-22 12:49:57,171 DEBUG: Using selector: EpollSelector
2023-04-22 12:49:57,171 INFO: logging in using static token
2023-04-22 12:49:57,830 INFO: Shard ID None has connected to Gateway (Session ID: 69bf6c8c991db3eefc3ce135d0d5a046).
2023-04-22 12:49:59,834 INFO: Bot is up and ready !
2023-04-22 12:50:00,137 INFO: Synced 4 command(s)
2023-04-22 12:50:01,092 INFO: Loaded Session Kiro!
 Starting at : 2023-04-23 23:01:00+00:00
 Participants (1/2):
ü§ú <@186187543174184960> into memory
2023-04-22 12:50:01,092 INFO: Loaded Session Kiro!
 Starting at : 2023-04-23 23:01:00+00:00
 Participants (0/1):
 into memory
2023-04-22 12:50:01,092 INFO: Loaded Session Kiro!
 Starting at : 2023-04-23 23:01:00+00:00
 Participants (0/1):
 into memory
2023-04-22 12:51:04,985 DEBUG: on_ready has successfully been registered as an event
2023-04-22 12:51:04,986 DEBUG: on_raw_reaction_add has successfully been registered as an event
2023-04-22 12:51:04,986 DEBUG: on_raw_reaction_remove has successfully been registered as an event
2023-04-22 12:51:04,986 DEBUG: Using selector: EpollSelector
2023-04-22 12:51:04,986 INFO: logging in using static token
2023-04-22 12:51:05,898 INFO: Shard ID None has connected to Gateway (Session ID: c47e53df127c237480d273d1f3c3925f).
2023-04-22 12:51:07,901 INFO: Bot is up and ready !
2023-04-22 12:51:08,137 INFO: Synced 4 command(s)
2023-04-22 12:51:52,110 INFO: AxelB#0113 created a new raid
2023-04-22 12:51:52,696 INFO: Saved Session Kiro!
 Starting at : 2023-04-23 23:10:00+00:09
 Participants (0/1):
 into database
2023-04-22 12:57:56,451 INFO: Saved Session Kiro!
 Starting at : 2023-04-23 23:10:00+00:09
 Participants (1/1):
‚öîÔ∏è <@224613962593861633> into database
2023-04-22 12:58:06,720 INFO: Saved Session Kiro!
 Starting at : 2023-04-23 23:10:00+00:09
 Participants (0/1):
 into database
2023-04-22 12:58:07,393 INFO: Saved Session Kiro!
 Starting at : 2023-04-23 23:10:00+00:09
 Participants (0/1):
 into database
2023-04-22 13:02:34,242 DEBUG: on_ready has successfully been registered as an event
2023-04-22 13:02:34,243 DEBUG: on_raw_reaction_add has successfully been registered as an event
2023-04-22 13:02:34,243 DEBUG: on_raw_reaction_remove has successfully been registered as an event
2023-04-22 13:02:34,243 DEBUG: Using selector: EpollSelector
2023-04-22 13:02:34,243 INFO: logging in using static token
2023-04-22 13:02:35,154 INFO: Shard ID None has connected to Gateway (Session ID: 9260192de762ecc0a483f067351607a1).
2023-04-22 13:02:37,157 INFO: Bot is up and ready !
2023-04-22 13:02:37,362 INFO: Synced 4 command(s)
2023-04-22 13:02:38,137 INFO: Loaded Session Kiro!
 Starting at : 2023-04-23 23:01:00+00:00
 Participants (0/1):
 into memory
2023-04-22 13:04:18,094 INFO: Euphaury#3559 created a new raid
2023-04-22 13:04:18,725 INFO: Saved Session Kiro!
 Starting at : 2023-04-23 23:10:00+00:09
 Participants (0/1):
 into database
2023-04-22 13:21:11,302 DEBUG: on_ready has successfully been registered as an event
2023-04-22 13:21:11,302 DEBUG: on_raw_reaction_add has successfully been registered as an event
2023-04-22 13:21:11,302 DEBUG: on_raw_reaction_remove has successfully been registered as an event
2023-04-22 13:21:11,302 DEBUG: Using selector: EpollSelector
2023-04-22 13:21:11,303 INFO: logging in using static token
2023-04-22 13:21:12,189 INFO: Shard ID None has connected to Gateway (Session ID: 34f5d00b5ff4c4b09ddf191df4e4bd31).
2023-04-22 13:21:14,193 INFO: Bot is up and ready !
2023-04-22 13:21:14,499 INFO: Synced 4 command(s)
2023-04-22 13:21:15,425 INFO: Loaded Session Kiro!
 Starting at : 2023-04-23 23:01:00+00:00
 Participants (0/1):
 into memory
2023-04-22 13:21:15,425 INFO: Loaded Session Kiro!
 Starting at : 2023-04-23 23:01:00+00:00
 Participants (0/1):
 into memory
2023-04-22 13:22:24,523 DEBUG: on_ready has successfully been registered as an event
2023-04-22 13:22:24,523 DEBUG: on_raw_reaction_add has successfully been registered as an event
2023-04-22 13:22:24,523 DEBUG: on_raw_reaction_remove has successfully been registered as an event
2023-04-22 13:22:24,523 DEBUG: Using selector: EpollSelector
2023-04-22 13:22:24,524 INFO: logging in using static token
2023-04-22 13:22:25,274 INFO: Shard ID None has connected to Gateway (Session ID: 457a19827c4976981adf040321ddabe7).
2023-04-22 13:22:27,282 INFO: Bot is up and ready !
2023-04-22 13:22:27,498 INFO: Synced 4 command(s)
2023-04-22 13:22:28,932 ERROR: Ignoring exception in on_ready
Traceback (most recent call last):
  File "/home/axel/.virtualenvs/nostale-raid-bot-/lib/python3.10/site-packages/discord/client.py", line 441, in _run_event
    await coro(*args, **kwargs)
  File "/home/axel/nostale-raid-bot/bot.py", line 69, in on_ready
    raids_list = await load_raids_from_db(bot=bot)
  File "/home/axel/nostale-raid-bot/bot.py", line 33, in load_raids_from_db
    raids_list: List[Raid] = await asyncio.gather(*to_raid_tasks)
  File "/home/axel/nostale-raid-bot/db.py", line 81, in to_raid
    message = await self.get_message(bot)
  File "/home/axel/nostale-raid-bot/db.py", line 67, in get_message
    message = await partial_message.fetch()
  File "/home/axel/.virtualenvs/nostale-raid-bot-/lib/python3.10/site-packages/discord/message.py", line 801, in fetch
    data = await self._state.http.get_message(self.channel.id, self.id)
  File "/home/axel/.virtualenvs/nostale-raid-bot-/lib/python3.10/site-packages/discord/http.py", line 740, in request
    raise NotFound(response, data)
discord.errors.NotFound: 404 Not Found (error code: 10008): Unknown Message
2023-04-22 13:23:04,025 DEBUG: on_ready has successfully been registered as an event
2023-04-22 13:23:04,026 DEBUG: on_raw_reaction_add has successfully been registered as an event
2023-04-22 13:23:04,026 DEBUG: on_raw_reaction_remove has successfully been registered as an event
2023-04-22 13:23:04,026 DEBUG: Using selector: EpollSelector
2023-04-22 13:23:04,026 INFO: logging in using static token
2023-04-22 13:23:04,873 INFO: Shard ID None has connected to Gateway (Session ID: 736f305ae5f601022771bd8ca82189e0).
2023-04-22 13:23:06,876 INFO: Bot is up and ready !
2023-04-22 13:23:07,165 INFO: Synced 4 command(s)
2023-04-22 13:24:30,991 ERROR: Ignoring exception in command None
discord.ext.commands.errors.CommandNotFound: Command "clear" is not found
2023-04-22 13:24:39,532 ERROR: Ignoring exception in command None
discord.ext.commands.errors.CommandNotFound: Command "clear" is not found
2023-04-22 13:29:35,938 DEBUG: on_ready has successfully been registered as an event
2023-04-22 13:29:35,938 DEBUG: on_raw_reaction_add has successfully been registered as an event
2023-04-22 13:29:35,939 DEBUG: on_raw_reaction_remove has successfully been registered as an event
2023-04-22 13:29:35,939 DEBUG: Using selector: EpollSelector
2023-04-22 13:29:35,939 INFO: logging in using static token
2023-04-22 13:29:36,839 INFO: Shard ID None has connected to Gateway (Session ID: 7d5533471cd5b2872c62a42cc03d5337).
2023-04-22 13:29:38,845 INFO: Bot is up and ready !
2023-04-22 13:29:39,114 INFO: Synced 4 command(s)
2023-04-22 13:29:42,801 ERROR: Ignoring exception in command 'clear'
Traceback (most recent call last):
  File "/home/axel/.virtualenvs/nostale-raid-bot-/lib/python3.10/site-packages/discord/app_commands/tree.py", line 1248, in _call
    await command._invoke_with_namespace(interaction, namespace)
  File "/home/axel/.virtualenvs/nostale-raid-bot-/lib/python3.10/site-packages/discord/app_commands/commands.py", line 863, in _invoke_with_namespace
    if not await self._check_can_run(interaction):
  File "/home/axel/.virtualenvs/nostale-raid-bot-/lib/python3.10/site-packages/discord/app_commands/commands.py", line 1001, in _check_can_run
    return await async_all(f(interaction) for f in predicates)
  File "/home/axel/.virtualenvs/nostale-raid-bot-/lib/python3.10/site-packages/discord/utils.py", line 698, in async_all
    for elem in gen:
  File "/home/axel/.virtualenvs/nostale-raid-bot-/lib/python3.10/site-packages/discord/app_commands/commands.py", line 1001, in <genexpr>
    return await async_all(f(interaction) for f in predicates)
  File "/home/axel/.virtualenvs/nostale-raid-bot-/lib/python3.10/site-packages/discord/app_commands/checks.py", line 232, in predicate
    raise MissingRole(item)
discord.app_commands.errors.MissingRole: Role 1097992441879081071 is required to run this command.
2023-04-22 13:31:00,282 DEBUG: on_ready has successfully been registered as an event
2023-04-22 13:31:00,283 DEBUG: on_raw_reaction_add has successfully been registered as an event
2023-04-22 13:31:00,283 DEBUG: on_raw_reaction_remove has successfully been registered as an event
2023-04-22 13:31:00,283 DEBUG: Using selector: EpollSelector
2023-04-22 13:31:00,283 INFO: logging in using static token
2023-04-22 13:31:01,046 INFO: Shard ID None has connected to Gateway (Session ID: 4479429620c9ea96ed89abbbf62f017d).
2023-04-22 13:31:03,063 INFO: Bot is up and ready !
2023-04-22 13:31:03,464 INFO: Synced 4 command(s)
2023-04-22 13:43:33,559 DEBUG: on_ready has successfully been registered as an event
2023-04-22 13:43:33,559 DEBUG: on_raw_reaction_add has successfully been registered as an event
2023-04-22 13:43:33,559 DEBUG: on_raw_reaction_remove has successfully been registered as an event
2023-04-22 13:43:33,559 DEBUG: Using selector: EpollSelector
2023-04-22 13:43:33,559 INFO: logging in using static token
2023-04-22 13:43:34,308 INFO: Shard ID None has connected to Gateway (Session ID: 6bbbcc516466c7fd48781d4908b0f071).
2023-04-22 13:43:36,321 INFO: Bot is up and ready !
2023-04-22 13:43:36,638 INFO: Synced 4 command(s)
2023-04-22 13:43:46,045 ERROR: Ignoring exception in command 'view'
Traceback (most recent call last):
  File "/home/axel/.virtualenvs/nostale-raid-bot-/lib/python3.10/site-packages/discord/app_commands/tree.py", line 1248, in _call
    await command._invoke_with_namespace(interaction, namespace)
  File "/home/axel/.virtualenvs/nostale-raid-bot-/lib/python3.10/site-packages/discord/app_commands/commands.py", line 863, in _invoke_with_namespace
    if not await self._check_can_run(interaction):
  File "/home/axel/.virtualenvs/nostale-raid-bot-/lib/python3.10/site-packages/discord/app_commands/commands.py", line 1001, in _check_can_run
    return await async_all(f(interaction) for f in predicates)
  File "/home/axel/.virtualenvs/nostale-raid-bot-/lib/python3.10/site-packages/discord/utils.py", line 698, in async_all
    for elem in gen:
  File "/home/axel/.virtualenvs/nostale-raid-bot-/lib/python3.10/site-packages/discord/app_commands/commands.py", line 1001, in <genexpr>
    return await async_all(f(interaction) for f in predicates)
  File "/home/axel/.virtualenvs/nostale-raid-bot-/lib/python3.10/site-packages/discord/app_commands/checks.py", line 232, in predicate
    raise MissingRole(item)
discord.app_commands.errors.MissingRole: Role 'Raideur' is required to run this command.
2023-04-22 13:43:56,433 INFO: AxelB#0113 created a new raid
2023-04-22 13:43:57,092 INFO: Saved Session Kiro!
 Starting at : 2023-04-23 23:10:00+00:09
 Participants (0/1):
 into database
2023-04-22 13:44:27,639 INFO: Saved Session Kiro!
 Starting at : 2023-04-23 23:10:00+00:09
 Participants (1/1):
‚öîÔ∏è <@224613962593861633> into database
2023-04-22 13:46:00,700 DEBUG: on_ready has successfully been registered as an event
2023-04-22 13:46:00,700 DEBUG: on_raw_reaction_add has successfully been registered as an event
2023-04-22 13:46:00,700 DEBUG: on_raw_reaction_remove has successfully been registered as an event
2023-04-22 13:46:00,701 DEBUG: Using selector: EpollSelector
2023-04-22 13:46:00,701 INFO: logging in using static token
2023-04-22 13:46:01,593 INFO: Shard ID None has connected to Gateway (Session ID: 5ab80ef3ec3452a6a2982b688d99c6e6).
2023-04-22 13:46:03,596 INFO: Bot is up and ready !
2023-04-22 13:46:03,998 INFO: Synced 4 command(s)
2023-04-22 13:46:04,938 INFO: Loaded Session Kiro!
 Starting at : 2023-04-23 23:01:00+00:00
 Participants (1/1):
‚öîÔ∏è <@224613962593861633> into memory
2023-04-22 13:49:30,500 DEBUG: on_ready has successfully been registered as an event
2023-04-22 13:49:30,500 DEBUG: on_raw_reaction_add has successfully been registered as an event
2023-04-22 13:49:30,500 DEBUG: on_raw_reaction_remove has successfully been registered as an event
2023-04-22 13:49:30,501 DEBUG: Using selector: EpollSelector
2023-04-22 13:49:30,501 INFO: logging in using static token
2023-04-22 13:49:31,459 INFO: Shard ID None has connected to Gateway (Session ID: a3c40d27c893563d02b9ff0b6d8edcb4).
2023-04-22 13:49:33,462 INFO: Bot is up and ready !
2023-04-22 13:49:33,769 INFO: Synced 4 command(s)
2023-04-22 13:49:34,750 INFO: Loaded Session Kiro!
 Starting at : 2023-04-23 23:01:00+00:00
 Participants (1/1):
‚öîÔ∏è <@224613962593861633> into memory
2023-04-22 13:49:45,708 ERROR: Ignoring exception in command 'eject'
Traceback (most recent call last):
  File "/home/axel/.virtualenvs/nostale-raid-bot-/lib/python3.10/site-packages/discord/app_commands/commands.py", line 842, in _do_call
    return await self._callback(interaction, **params)  # type: ignore
  File "/home/axel/nostale-raid-bot/bot.py", line 216, in eject
    await interaction.response.send_message(embed=discord.Embed(colour=discord.Colour.red(), description="This command can only be used inside a bot raid thread", ephemeral=True))
TypeError: Embed.__init__() got an unexpected keyword argument 'ephemeral'

The above exception was the direct cause of the following exception:

Traceback (most recent call last):
  File "/home/axel/.virtualenvs/nostale-raid-bot-/lib/python3.10/site-packages/discord/app_commands/tree.py", line 1248, in _call
    await command._invoke_with_namespace(interaction, namespace)
  File "/home/axel/.virtualenvs/nostale-raid-bot-/lib/python3.10/site-packages/discord/app_commands/commands.py", line 867, in _invoke_with_namespace
    return await self._do_call(interaction, transformed_values)
  File "/home/axel/.virtualenvs/nostale-raid-bot-/lib/python3.10/site-packages/discord/app_commands/commands.py", line 856, in _do_call
    raise CommandInvokeError(self, e) from e
discord.app_commands.errors.CommandInvokeError: Command 'eject' raised an exception: TypeError: Embed.__init__() got an unexpected keyword argument 'ephemeral'
2023-04-22 13:50:03,170 DEBUG: on_ready has successfully been registered as an event
2023-04-22 13:50:03,170 DEBUG: on_raw_reaction_add has successfully been registered as an event
2023-04-22 13:50:03,171 DEBUG: on_raw_reaction_remove has successfully been registered as an event
2023-04-22 13:50:03,171 DEBUG: Using selector: EpollSelector
2023-04-22 13:50:03,171 INFO: logging in using static token
2023-04-22 13:50:04,023 INFO: Shard ID None has connected to Gateway (Session ID: 7669ec0c8e081b2c705a4b1b1d03dd75).
2023-04-22 13:50:06,026 INFO: Bot is up and ready !
2023-04-22 13:50:06,443 INFO: Synced 4 command(s)
2023-04-22 13:50:07,465 INFO: Loaded Session Kiro!
 Starting at : 2023-04-23 23:01:00+00:00
 Participants (1/1):
‚öîÔ∏è <@224613962593861633> into memory
2023-04-22 13:50:55,201 DEBUG: on_ready has successfully been registered as an event
2023-04-22 13:50:55,201 DEBUG: on_raw_reaction_add has successfully been registered as an event
2023-04-22 13:50:55,201 DEBUG: on_raw_reaction_remove has successfully been registered as an event
2023-04-22 13:50:55,202 DEBUG: Using selector: EpollSelector
2023-04-22 13:50:55,202 INFO: logging in using static token
2023-04-22 13:50:56,351 INFO: Shard ID None has connected to Gateway (Session ID: aa2d86829185528dce5b1f4a63978358).
2023-04-22 13:50:58,354 INFO: Bot is up and ready !
2023-04-22 13:50:58,718 INFO: Synced 4 command(s)
2023-04-22 13:50:59,844 INFO: Loaded Session Kiro!
 Starting at : 2023-04-23 23:01:00+00:00
 Participants (1/1):
‚öîÔ∏è <@224613962593861633> into memory
2023-04-22 13:58:15,820 DEBUG: on_ready has successfully been registered as an event
2023-04-22 13:58:15,820 DEBUG: on_raw_reaction_add has successfully been registered as an event
2023-04-22 13:58:15,820 DEBUG: on_raw_reaction_remove has successfully been registered as an event
2023-04-22 13:58:15,820 DEBUG: Using selector: EpollSelector
2023-04-22 13:58:15,821 INFO: logging in using static token
2023-04-22 13:58:16,747 INFO: Shard ID None has connected to Gateway (Session ID: ed06b9a962e2c41a2777140c11d4e7d4).
2023-04-22 13:58:18,751 INFO: Bot is up and ready !
2023-04-22 13:58:19,232 INFO: Synced 4 command(s)
2023-04-22 13:58:20,165 INFO: Loaded Session Kiro!
 Starting at : 2023-04-23 23:01:00+00:00
 Participants (1/1):
‚öîÔ∏è <@224613962593861633> into memory
2023-04-22 13:59:02,043 DEBUG: on_ready has successfully been registered as an event
2023-04-22 13:59:02,043 DEBUG: on_raw_reaction_add has successfully been registered as an event
2023-04-22 13:59:02,043 DEBUG: on_raw_reaction_remove has successfully been registered as an event
2023-04-22 13:59:02,043 DEBUG: Using selector: EpollSelector
2023-04-22 13:59:02,044 INFO: logging in using static token
2023-04-22 13:59:02,956 INFO: Shard ID None has connected to Gateway (Session ID: 882786466806c5d289ea01f0956d2370).
2023-04-22 13:59:04,959 INFO: Bot is up and ready !
2023-04-22 13:59:05,311 INFO: Synced 4 command(s)
2023-04-22 13:59:06,452 INFO: Loaded Session Kiro!
 Starting at : 2023-04-23 23:01:00+00:00
 Participants (1/1):
‚öîÔ∏è <@224613962593861633> into memory
2023-04-22 18:55:13,933 WARNING: PyNaCl is not installed, voice will NOT be supported
2023-04-22 18:55:13,933 DEBUG: Using selector: EpollSelector
2023-04-22 18:55:13,934 INFO: logging in using static token
2023-04-22 18:58:39,909 WARNING: PyNaCl is not installed, voice will NOT be supported
2023-04-22 18:58:39,910 DEBUG: Using selector: EpollSelector
2023-04-22 18:58:39,910 INFO: logging in using static token
2023-04-22 19:00:13,807 WARNING: PyNaCl is not installed, voice will NOT be supported
2023-04-22 19:00:13,808 DEBUG: Using selector: EpollSelector
2023-04-22 19:00:13,808 INFO: logging in using static token
2023-04-22 19:03:02,330 WARNING: PyNaCl is not installed, voice will NOT be supported
2023-04-22 19:03:02,330 DEBUG: Using selector: EpollSelector
2023-04-22 19:03:02,330 INFO: logging in using static token
2023-04-22 19:04:46,788 WARNING: PyNaCl is not installed, voice will NOT be supported
2023-04-22 19:04:46,789 DEBUG: Using selector: EpollSelector
2023-04-22 19:04:46,789 INFO: logging in using static token
2023-04-22 19:05:02,688 WARNING: PyNaCl is not installed, voice will NOT be supported
2023-04-22 19:05:02,688 DEBUG: Using selector: EpollSelector
2023-04-22 19:05:02,688 INFO: logging in using static token
2023-04-22 19:05:36,292 WARNING: PyNaCl is not installed, voice will NOT be supported
2023-04-22 19:05:36,293 DEBUG: Using selector: EpollSelector
2023-04-22 19:05:36,293 INFO: logging in using static token
2023-04-22 19:07:18,974 WARNING: PyNaCl is not installed, voice will NOT be supported
2023-04-22 19:07:18,975 DEBUG: Using selector: EpollSelector
2023-04-22 19:07:18,975 INFO: logging in using static token
2023-04-22 19:08:47,871 WARNING: PyNaCl is not installed, voice will NOT be supported
2023-04-22 19:08:47,871 DEBUG: Using selector: EpollSelector
2023-04-22 19:08:47,871 INFO: logging in using static token
2023-04-22 19:11:45,050 WARNING: PyNaCl is not installed, voice will NOT be supported
2023-04-22 19:11:45,050 DEBUG: Using selector: EpollSelector
2023-04-22 19:11:45,050 INFO: logging in using static token
2023-04-22 19:14:05,168 WARNING: PyNaCl is not installed, voice will NOT be supported
2023-04-22 19:14:05,169 DEBUG: Using selector: EpollSelector
2023-04-22 19:14:05,169 INFO: logging in using static token
2023-04-22 19:14:06,065 INFO: Synced 0 command(s)
2023-04-22 19:14:06,531 INFO: Shard ID None has connected to Gateway (Session ID: 3ddfbf450f0f7ed52ff19ff1cfb8ca77).
2023-04-22 19:14:08,536 ERROR: Ignoring exception in on_ready
Traceback (most recent call last):
  File "/home/axel/.virtualenvs/nostale-raid-bot-/lib/python3.10/site-packages/discord/client.py", line 441, in _run_event
    await coro(*args, **kwargs)
TypeError: NostaleRaidHelperBot.on_ready() takes 0 positional arguments but 1 was given
2023-04-22 19:14:26,707 WARNING: PyNaCl is not installed, voice will NOT be supported
2023-04-22 19:14:26,707 DEBUG: Using selector: EpollSelector
2023-04-22 19:14:26,708 INFO: logging in using static token
2023-04-22 19:15:02,825 WARNING: PyNaCl is not installed, voice will NOT be supported
2023-04-22 19:15:02,825 DEBUG: Using selector: EpollSelector
2023-04-22 19:15:02,825 INFO: logging in using static token
2023-04-22 19:15:49,426 WARNING: PyNaCl is not installed, voice will NOT be supported
2023-04-22 19:15:49,426 DEBUG: Using selector: EpollSelector
2023-04-22 19:15:49,427 INFO: logging in using static token
2023-04-22 19:16:51,834 WARNING: PyNaCl is not installed, voice will NOT be supported
2023-04-22 19:16:51,835 DEBUG: Using selector: EpollSelector
2023-04-22 19:16:51,835 INFO: logging in using static token
2023-04-22 19:17:04,709 WARNING: PyNaCl is not installed, voice will NOT be supported
2023-04-22 19:17:04,710 DEBUG: Using selector: EpollSelector
2023-04-22 19:17:04,710 INFO: logging in using static token
2023-04-22 19:17:05,497 INFO: Shard ID None has connected to Gateway (Session ID: 7dbb07b2278da25e06f221c7824d87de).
2023-04-22 19:17:07,502 ERROR: Ignoring exception in on_ready
Traceback (most recent call last):
  File "/home/axel/.virtualenvs/nostale-raid-bot-/lib/python3.10/site-packages/discord/client.py", line 441, in _run_event
    await coro(*args, **kwargs)
  File "/home/axel/nostale-raid-bot/bot.py", line 28, in on_ready
    from utils.utils import load_raids_from_db, populate_raids_variable
  File "/home/axel/nostale-raid-bot/utils/utils.py", line 7, in <module>
    from bot import raids, logging
  File "/home/axel/nostale-raid-bot/bot.py", line 46, in <module>
    bot.run(os.getenv("BOT_TOKEN"))
  File "/home/axel/.virtualenvs/nostale-raid-bot-/lib/python3.10/site-packages/discord/client.py", line 860, in run
    asyncio.run(runner())
  File "/usr/lib/python3.10/asyncio/runners.py", line 33, in run
    raise RuntimeError(
RuntimeError: asyncio.run() cannot be called from a running event loop
2023-04-22 19:18:01,055 WARNING: PyNaCl is not installed, voice will NOT be supported
2023-04-22 19:18:01,056 DEBUG: Using selector: EpollSelector
2023-04-22 19:18:01,056 INFO: logging in using static token
2023-04-22 19:18:01,759 INFO: Shard ID None has connected to Gateway (Session ID: 8209afd18be38a5f7037fe482645a917).
2023-04-22 19:18:03,764 ERROR: Ignoring exception in on_ready
Traceback (most recent call last):
  File "/home/axel/.virtualenvs/nostale-raid-bot-/lib/python3.10/site-packages/discord/client.py", line 441, in _run_event
    await coro(*args, **kwargs)
  File "/home/axel/nostale-raid-bot/bot.py", line 28, in on_ready
    from utils.utils import load_raids_from_db, populate_raids_variable
  File "/home/axel/nostale-raid-bot/utils/utils.py", line 7, in <module>
    from bot import raids, logging
  File "/home/axel/nostale-raid-bot/bot.py", line 46, in <module>
    bot.run(os.getenv("BOT_TOKEN"))
  File "/home/axel/.virtualenvs/nostale-raid-bot-/lib/python3.10/site-packages/discord/client.py", line 860, in run
    asyncio.run(runner())
  File "/usr/lib/python3.10/asyncio/runners.py", line 33, in run
    raise RuntimeError(
RuntimeError: asyncio.run() cannot be called from a running event loop
2023-04-22 19:20:47,132 WARNING: PyNaCl is not installed, voice will NOT be supported
2023-04-22 19:20:47,132 DEBUG: Using selector: EpollSelector
2023-04-22 19:20:47,132 INFO: logging in using static token
2023-04-22 19:20:47,798 INFO: Shard ID None has connected to Gateway (Session ID: 74c43884d6dcee8879e2d840426784d8).
2023-04-22 19:22:18,068 WARNING: PyNaCl is not installed, voice will NOT be supported
2023-04-22 19:22:18,068 DEBUG: Using selector: EpollSelector
2023-04-22 19:22:18,069 INFO: logging in using static token
2023-04-22 19:24:53,227 WARNING: PyNaCl is not installed, voice will NOT be supported
2023-04-22 19:24:53,227 DEBUG: Using selector: EpollSelector
2023-04-22 19:24:53,228 INFO: logging in using static token
2023-04-22 19:25:33,488 WARNING: PyNaCl is not installed, voice will NOT be supported
2023-04-22 19:25:33,489 DEBUG: Using selector: EpollSelector
2023-04-22 19:25:33,489 INFO: logging in using static token
2023-04-22 19:26:57,351 WARNING: PyNaCl is not installed, voice will NOT be supported
2023-04-22 19:26:57,352 DEBUG: Using selector: EpollSelector
2023-04-22 19:26:57,352 INFO: logging in using static token
2023-04-22 19:29:22,532 WARNING: PyNaCl is not installed, voice will NOT be supported
2023-04-22 19:29:22,533 DEBUG: Using selector: EpollSelector
2023-04-22 19:29:22,533 INFO: logging in using static token
2023-04-22 19:33:24,430 WARNING: PyNaCl is not installed, voice will NOT be supported
2023-04-22 19:33:24,431 DEBUG: Using selector: EpollSelector
2023-04-22 19:33:24,431 INFO: logging in using static token
2023-04-22 19:33:25,173 INFO: Shard ID None has connected to Gateway (Session ID: 20de809ec907daf91178bd77d9f694a5).
2023-04-22 19:34:08,024 WARNING: PyNaCl is not installed, voice will NOT be supported
2023-04-22 19:34:08,024 DEBUG: Using selector: EpollSelector
2023-04-22 19:34:08,024 INFO: logging in using static token
2023-04-22 19:34:09,124 INFO: Shard ID None has connected to Gateway (Session ID: 1cc7c1824692d94504f6ba92312ddf1c).
2023-04-22 19:34:34,905 WARNING: PyNaCl is not installed, voice will NOT be supported
2023-04-22 19:34:34,906 DEBUG: Using selector: EpollSelector
2023-04-22 19:34:34,906 INFO: logging in using static token
2023-04-22 19:34:35,626 INFO: Shard ID None has connected to Gateway (Session ID: 54499429e38fe7aac18d2a545010ce3e).
2023-04-22 19:34:37,634 ERROR: Ignoring exception in on_ready
Traceback (most recent call last):
  File "/home/axel/.virtualenvs/nostale-raid-bot-/lib/python3.10/site-packages/discord/client.py", line 441, in _run_event
    await coro(*args, **kwargs)
  File "/home/axel/nostale-raid-bot/bot.py", line 29, in on_ready
    from utils.utils import load_raids_from_db, populate_raids_variable
  File "/home/axel/nostale-raid-bot/utils/utils.py", line 7, in <module>
    from bot import raids, logging
  File "/home/axel/nostale-raid-bot/bot.py", line 47, in <module>
    bot.run(os.getenv("BOT_TOKEN"))
  File "/home/axel/.virtualenvs/nostale-raid-bot-/lib/python3.10/site-packages/discord/client.py", line 860, in run
    asyncio.run(runner())
  File "/usr/lib/python3.10/asyncio/runners.py", line 33, in run
    raise RuntimeError(
RuntimeError: asyncio.run() cannot be called from a running event loop
2023-04-22 19:35:50,204 WARNING: PyNaCl is not installed, voice will NOT be supported
2023-04-22 19:35:50,205 DEBUG: Using selector: EpollSelector
2023-04-22 19:35:50,205 INFO: logging in using static token
2023-04-22 19:35:50,962 INFO: Shard ID None has connected to Gateway (Session ID: 7ce20df5d49e3bd796f98d7385ead307).
2023-04-22 19:35:52,966 INFO: Bot is up and ready !
2023-04-22 19:35:53,249 INFO: Synced 1 command(s)
2023-04-22 19:35:53,579 ERROR: Ignoring exception in on_ready
Traceback (most recent call last):
  File "/home/axel/.virtualenvs/nostale-raid-bot-/lib/python3.10/site-packages/discord/client.py", line 441, in _run_event
    await coro(*args, **kwargs)
  File "/home/axel/nostale-raid-bot/bot.py", line 38, in on_ready
    raids_list = await load_raids_from_db(bot=bot)
  File "/home/axel/nostale-raid-bot/utils/utils.py", line 11, in load_raids_from_db
    async with get_session() as session:
AttributeError: __aenter__
2023-04-22 19:37:08,007 WARNING: PyNaCl is not installed, voice will NOT be supported
2023-04-22 19:37:08,008 DEBUG: Using selector: EpollSelector
2023-04-22 19:37:08,008 INFO: logging in using static token
2023-04-22 19:37:08,708 INFO: Shard ID None has connected to Gateway (Session ID: 262b376d899e20ec230b528c93b5640c).
2023-04-22 19:37:10,711 INFO: Bot is up and ready !
2023-04-22 19:37:11,092 INFO: Synced 1 command(s)
2023-04-22 19:37:11,967 INFO: Loaded Session Kiro!
 Starting at : 2023-04-23 23:01:00+00:00
 Participants (1/1):
‚öîÔ∏è <@224613962593861633> into memory
2023-04-22 21:48:34,337 WARNING: PyNaCl is not installed, voice will NOT be supported
2023-04-22 21:48:34,337 DEBUG: Using selector: EpollSelector
2023-04-22 21:48:34,337 INFO: logging in using static token
2023-04-22 21:49:26,847 WARNING: PyNaCl is not installed, voice will NOT be supported
2023-04-22 21:49:26,848 DEBUG: Using selector: EpollSelector
2023-04-22 21:49:26,848 INFO: logging in using static token
2023-04-22 21:50:35,729 WARNING: PyNaCl is not installed, voice will NOT be supported
2023-04-22 21:50:35,729 DEBUG: Using selector: EpollSelector
2023-04-22 21:50:35,729 INFO: logging in using static token
2023-04-22 21:54:30,585 WARNING: PyNaCl is not installed, voice will NOT be supported
2023-04-22 21:54:30,586 DEBUG: Using selector: EpollSelector
2023-04-22 21:54:30,586 INFO: logging in using static token
2023-04-22 21:55:39,485 WARNING: PyNaCl is not installed, voice will NOT be supported
2023-04-22 21:55:39,485 DEBUG: Using selector: EpollSelector
2023-04-22 21:55:39,485 INFO: logging in using static token
2023-04-22 21:55:53,609 WARNING: PyNaCl is not installed, voice will NOT be supported
2023-04-22 21:55:53,609 DEBUG: Using selector: EpollSelector
2023-04-22 21:55:53,609 INFO: logging in using static token
2023-04-22 21:58:29,587 WARNING: PyNaCl is not installed, voice will NOT be supported
2023-04-22 21:58:29,587 DEBUG: Using selector: EpollSelector
2023-04-22 21:58:29,587 INFO: logging in using static token
2023-04-22 21:58:30,303 INFO: Shard ID None has connected to Gateway (Session ID: 28fb52e08ff795313f850c429fc15204).
2023-04-22 21:58:32,306 INFO: Bot is up and ready !
2023-04-22 21:58:32,869 INFO: Synced 0 command(s)
2023-04-22 21:58:53,690 WARNING: PyNaCl is not installed, voice will NOT be supported
2023-04-22 21:58:53,690 DEBUG: Using selector: EpollSelector
2023-04-22 21:58:53,690 INFO: logging in using static token
2023-04-22 21:59:05,665 WARNING: PyNaCl is not installed, voice will NOT be supported
2023-04-22 21:59:05,665 DEBUG: Using selector: EpollSelector
2023-04-22 21:59:05,665 INFO: logging in using static token
2023-04-22 22:02:37,926 WARNING: PyNaCl is not installed, voice will NOT be supported
2023-04-22 22:02:37,926 INFO: logging in using static token
2023-04-22 22:02:38,295 INFO: logging in using static token
2023-04-22 22:02:39,095 INFO: Shard ID None has connected to Gateway (Session ID: 3fb33f07e3b209b020761685d15051c1).
2023-04-22 22:02:41,105 INFO: Bot is up and ready !
2023-04-22 22:02:41,257 INFO: Synced 0 command(s)
2023-04-22 22:12:56,233 INFO: Shard ID None has connected to Gateway (Session ID: 857ce9dc4c742013fbbaec2fb33e0f8a).
2023-04-22 22:13:06,251 WARNING: PyNaCl is not installed, voice will NOT be supported
2023-04-22 22:13:06,251 DEBUG: Using selector: EpollSelector
2023-04-22 22:13:06,252 INFO: logging in using static token
2023-04-22 22:13:07,055 INFO: Shard ID None has connected to Gateway (Session ID: c1e1a178cd8f8487226b0710735d5ca3).
2023-04-22 22:13:09,058 INFO: Bot is up and ready !
2023-04-22 22:13:09,231 INFO: Synced 0 command(s)
2023-04-22 22:13:27,350 WARNING: PyNaCl is not installed, voice will NOT be supported
2023-04-22 22:13:27,350 DEBUG: Using selector: EpollSelector
2023-04-22 22:13:27,351 INFO: logging in using static token
2023-04-22 22:13:28,052 INFO: Shard ID None has connected to Gateway (Session ID: 6c5b1e265d2546f8abe0d1bc2836b28e).
2023-04-22 22:13:30,056 INFO: Bot is up and ready !
2023-04-22 22:13:56,987 WARNING: PyNaCl is not installed, voice will NOT be supported
2023-04-22 22:13:56,988 DEBUG: Using selector: EpollSelector
2023-04-22 22:13:56,988 INFO: logging in using static token
2023-04-22 22:14:55,396 WARNING: PyNaCl is not installed, voice will NOT be supported
2023-04-22 22:14:55,396 DEBUG: Using selector: EpollSelector
2023-04-22 22:14:55,396 INFO: logging in using static token
2023-04-22 22:14:56,081 INFO: Shard ID None has connected to Gateway (Session ID: b127a19a8cd49ccd939f30acdf36f456).
2023-04-22 22:14:58,084 INFO: Bot is up and ready !
2023-04-22 22:14:58,391 INFO: Synced 3 command(s)
2023-04-22 22:16:00,506 WARNING: PyNaCl is not installed, voice will NOT be supported
2023-04-22 22:16:00,507 DEBUG: Using selector: EpollSelector
2023-04-22 22:16:00,507 INFO: logging in using static token
2023-04-22 22:16:01,477 INFO: Shard ID None has connected to Gateway (Session ID: ecbd7c6cf61875005ba0fae025272734).
2023-04-22 22:16:03,480 INFO: Bot is up and ready !
2023-04-22 22:16:03,745 INFO: Synced 3 command(s)
2023-04-22 22:16:04,661 INFO: Loaded Session Kiro!
 Starting at : 2023-04-23 23:01:00+00:00
 Participants (1/1):
‚öîÔ∏è <@224613962593861633> into memory
2023-04-22 22:21:19,867 WARNING: PyNaCl is not installed, voice will NOT be supported
2023-04-22 22:21:19,868 DEBUG: Using selector: EpollSelector
2023-04-22 22:21:19,868 INFO: logging in using static token
2023-04-22 22:22:28,724 DEBUG: Using selector: EpollSelector
2023-04-22 22:22:28,724 WARNING: PyNaCl is not installed, voice will NOT be supported
2023-04-22 22:22:40,564 DEBUG: Using selector: EpollSelector
2023-04-22 22:22:40,564 WARNING: PyNaCl is not installed, voice will NOT be supported
2023-04-22 22:24:40,242 WARNING: PyNaCl is not installed, voice will NOT be supported
2023-04-22 22:24:40,243 DEBUG: Using selector: EpollSelector
2023-04-22 22:24:40,243 INFO: logging in using static token
2023-04-22 22:24:41,013 INFO: Shard ID None has connected to Gateway (Session ID: ac636898e089363035f49185228476da).
2023-04-22 22:24:43,017 INFO: Bot is up and ready !
2023-04-22 22:24:43,264 INFO: Synced 3 command(s)
2023-04-22 22:24:44,050 INFO: Loaded Session Kiro!
 Starting at : 2023-04-23 23:01:00+00:00
 Participants (1/1):
‚öîÔ∏è <@224613962593861633> into memory
2023-04-22 22:27:10,649 INFO: Saved Session Kiro!
 Starting at : 2023-04-23 23:01:00+00:00
 Participants (1/1):
üèπ <@224613962593861633> into database
2023-04-22 22:27:15,937 INFO: Saved Session Kiro!
 Starting at : 2023-04-23 23:01:00+00:00
 Participants (1/1):
ü§ú <@224613962593861633> into database
2023-04-22 22:27:21,914 INFO: Saved Session Kiro!
 Starting at : 2023-04-23 23:01:00+00:00
 Participants (1/1):
‚öîÔ∏è <@224613962593861633> into database
2023-04-22 22:27:26,335 INFO: Saved Session Kiro!
 Starting at : 2023-04-23 23:01:00+00:00
 Participants (1/1):
ü™Ñ <@224613962593861633> into database
2023-04-22 22:27:32,748 INFO: AxelB#0113 created a new raid
2023-04-22 22:27:33,277 INFO: Saved Session Kiro!
 Starting at : 2023-04-23 23:10:00+00:09
 Participants (0/1):
 into database
2023-04-22 22:27:45,180 INFO: Saved Session Kiro!
 Starting at : 2023-04-23 23:10:00+00:09
 Participants (1/1):
üèπ <@224613962593861633> into database
2023-04-22 22:27:50,476 INFO: Saved Session Kiro!
 Starting at : 2023-04-23 23:10:00+00:09
 Participants (0/1):
 into database
2023-04-22 22:27:51,008 INFO: Saved Session Kiro!
 Starting at : 2023-04-23 23:10:00+00:09
 Participants (0/1):
 into database
2023-04-22 22:34:41,845 WARNING: PyNaCl is not installed, voice will NOT be supported
2023-04-22 22:34:41,845 DEBUG: Using selector: EpollSelector
2023-04-22 22:34:41,846 INFO: logging in using static token
2023-04-22 22:34:42,596 INFO: Shard ID None has connected to Gateway (Session ID: c46d676db38eb99ba92ac8f661fbdebb).
2023-04-22 22:34:44,599 INFO: Bot is up and ready !
2023-04-22 22:34:44,832 INFO: Synced 3 command(s)
2023-04-22 22:34:45,779 INFO: Loaded Session Kiro!
 Starting at : 2023-04-23 23:01:00+00:00
 Participants (0/1):
 into memory
2023-04-22 22:34:45,779 INFO: Loaded Session Kiro!
 Starting at : 2023-04-23 23:01:00+00:00
 Participants (1/1):
ü™Ñ <@224613962593861633> into memory
